<?xml version="1.0" encoding="UTF-8"?>
<testsuite xmlns:xsi="http://www.w3.org/2001/XMLSchema-instance" xsi:noNamespaceSchemaLocation="https://maven.apache.org/surefire/maven-surefire-plugin/xsd/surefire-test-report-3.0.xsd" version="3.0" name="com.luv2code.junitdemo.DemoUtilsTest" time="2.263" tests="10" errors="0" skipped="0" failures="0">
  <properties>
    <property name="java.specification.version" value="17"/>
    <property name="sun.cpu.isalist" value="amd64"/>
    <property name="sun.jnu.encoding" value="Cp1252"/>
    <property name="java.class.path" value="C:\Users\37256\IdeaProjects\spring-boot-unit-testing\1.00-starting-project\target\test-classes;C:\Users\37256\IdeaProjects\spring-boot-unit-testing\1.00-starting-project\target\classes;C:\Users\37256\.m2\repository\org\junit\jupiter\junit-jupiter\5.10.0\junit-jupiter-5.10.0.jar;C:\Users\37256\.m2\repository\org\junit\jupiter\junit-jupiter-api\5.10.0\junit-jupiter-api-5.10.0.jar;C:\Users\37256\.m2\repository\org\opentest4j\opentest4j\1.3.0\opentest4j-1.3.0.jar;C:\Users\37256\.m2\repository\org\junit\platform\junit-platform-commons\1.10.0\junit-platform-commons-1.10.0.jar;C:\Users\37256\.m2\repository\org\apiguardian\apiguardian-api\1.1.2\apiguardian-api-1.1.2.jar;C:\Users\37256\.m2\repository\org\junit\jupiter\junit-jupiter-params\5.10.0\junit-jupiter-params-5.10.0.jar;C:\Users\37256\.m2\repository\org\junit\jupiter\junit-jupiter-engine\5.10.0\junit-jupiter-engine-5.10.0.jar;C:\Users\37256\.m2\repository\org\junit\platform\junit-platform-engine\1.10.0\junit-platform-engine-1.10.0.jar;"/>
    <property name="java.vm.vendor" value="Oracle Corporation"/>
    <property name="sun.arch.data.model" value="64"/>
    <property name="user.variant" value=""/>
    <property name="java.vendor.url" value="https://java.oracle.com/"/>
    <property name="user.timezone" value="Europe/Tallinn"/>
    <property name="os.name" value="Windows 11"/>
    <property name="java.vm.specification.version" value="17"/>
    <property name="sun.java.launcher" value="SUN_STANDARD"/>
    <property name="user.country" value="US"/>
    <property name="sun.boot.library.path" value="C:\Program Files\Java\jdk-17\bin"/>
    <property name="sun.java.command" value="C:\Users\37256\AppData\Local\Temp\surefire2111200016046723757\surefirebooter1620155729294284908.jar C:\Users\37256\AppData\Local\Temp\surefire2111200016046723757 2023-08-31T15-58-46_931-jvmRun1 surefire5802970228697395262tmp surefire_06970647191598642253tmp"/>
    <property name="jdk.debug" value="release"/>
    <property name="surefire.test.class.path" value="C:\Users\37256\IdeaProjects\spring-boot-unit-testing\1.00-starting-project\target\test-classes;C:\Users\37256\IdeaProjects\spring-boot-unit-testing\1.00-starting-project\target\classes;C:\Users\37256\.m2\repository\org\junit\jupiter\junit-jupiter\5.10.0\junit-jupiter-5.10.0.jar;C:\Users\37256\.m2\repository\org\junit\jupiter\junit-jupiter-api\5.10.0\junit-jupiter-api-5.10.0.jar;C:\Users\37256\.m2\repository\org\opentest4j\opentest4j\1.3.0\opentest4j-1.3.0.jar;C:\Users\37256\.m2\repository\org\junit\platform\junit-platform-commons\1.10.0\junit-platform-commons-1.10.0.jar;C:\Users\37256\.m2\repository\org\apiguardian\apiguardian-api\1.1.2\apiguardian-api-1.1.2.jar;C:\Users\37256\.m2\repository\org\junit\jupiter\junit-jupiter-params\5.10.0\junit-jupiter-params-5.10.0.jar;C:\Users\37256\.m2\repository\org\junit\jupiter\junit-jupiter-engine\5.10.0\junit-jupiter-engine-5.10.0.jar;C:\Users\37256\.m2\repository\org\junit\platform\junit-platform-engine\1.10.0\junit-platform-engine-1.10.0.jar;"/>
    <property name="sun.cpu.endian" value="little"/>
    <property name="user.home" value="C:\Users\37256"/>
    <property name="user.language" value="en"/>
    <property name="java.specification.vendor" value="Oracle Corporation"/>
    <property name="java.version.date" value="2023-07-18"/>
    <property name="java.home" value="C:\Program Files\Java\jdk-17"/>
    <property name="file.separator" value="\"/>
    <property name="basedir" value="C:\Users\37256\IdeaProjects\spring-boot-unit-testing\1.00-starting-project"/>
    <property name="java.vm.compressedOopsMode" value="32-bit"/>
    <property name="line.separator" value="&#10;"/>
    <property name="java.vm.specification.vendor" value="Oracle Corporation"/>
    <property name="java.specification.name" value="Java Platform API Specification"/>
    <property name="surefire.real.class.path" value="C:\Users\37256\AppData\Local\Temp\surefire2111200016046723757\surefirebooter1620155729294284908.jar"/>
    <property name="user.script" value=""/>
    <property name="sun.management.compiler" value="HotSpot 64-Bit Tiered Compilers"/>
    <property name="java.runtime.version" value="17.0.8+9-LTS-211"/>
    <property name="user.name" value="37256"/>
    <property name="path.separator" value=";"/>
    <property name="os.version" value="10.0"/>
    <property name="java.runtime.name" value="Java(TM) SE Runtime Environment"/>
    <property name="file.encoding" value="Cp1252"/>
    <property name="java.vm.name" value="Java HotSpot(TM) 64-Bit Server VM"/>
    <property name="localRepository" value="C:\Users\37256\.m2\repository"/>
    <property name="java.vendor.url.bug" value="https://bugreport.java.com/bugreport/"/>
    <property name="java.io.tmpdir" value="C:\Users\37256\AppData\Local\Temp\"/>
    <property name="java.version" value="17.0.8"/>
    <property name="user.dir" value="C:\Users\37256\IdeaProjects\spring-boot-unit-testing\1.00-starting-project"/>
    <property name="os.arch" value="amd64"/>
    <property name="java.vm.specification.name" value="Java Virtual Machine Specification"/>
    <property name="sun.os.patch.level" value=""/>
    <property name="native.encoding" value="Cp1252"/>
    <property name="java.library.path" value="C:\Program Files\Java\jdk-17\bin;C:\WINDOWS\Sun\Java\bin;C:\WINDOWS\system32;C:\WINDOWS;C:\Program Files\Common Files\Oracle\Java\javapath;C:\Program Files (x86)\Common Files\Oracle\Java\javapath;C:\Program Files\Eclipse Adoptium\jdk-17.0.3.7-hotspot\bin;C:\Python39\Scripts\;C:\Python39\;C:\WINDOWS\system32;C:\WINDOWS;C:\WINDOWS\System32\Wbem;C:\WINDOWS\System32\WindowsPowerShell\v1.0\;C:\WINDOWS\System32\OpenSSH\;C:\ProgramData\chocolatey\bin;C:\Program Files (x86)\IDEMIA\AWP\Dlls;C:\Program Files\IDEMIA\AWP\Dlls;C:\HashiCorp\Vagrant\bin;C:\Program Files\Git\cmd;C:\Users\37256\apache-maven-3.8.6\bin;C:\Program Files (x86)\nodejs\;C:\Program Files\Java\jdk-17\bin;C:\Program Files\PowerShell\7\;C:\Program Files\MySQL\MySQL Shell 8.1\bin\;C:\Users\37256\AppData\Local\Programs\Python\Python311\Scripts\;C:\Users\37256\AppData\Local\Programs\Python\Python311\;C:\Program Files\MySQL\MySQL Shell 8.0\bin\;C:\Users\37256\AppData\Local\Microsoft\WindowsApps;C:\Users\37256\AppData\Local\Microsoft\WindowsApps;C:\Users\37256\AppData\Local\Programs\Microsoft VS Code\bin;C:\Program Files\JetBrains\IntelliJ IDEA 2022.3.1\bin;C:\Users\37256\AppData\Roaming\npm;C:\Program Files (x86)\GnuWin32\bin;C:\Users\37256\AppData\Local\JetBrains\Toolbox\scripts;."/>
    <property name="java.vm.info" value="mixed mode, sharing"/>
    <property name="java.vendor" value="Oracle Corporation"/>
    <property name="java.vm.version" value="17.0.8+9-LTS-211"/>
    <property name="sun.io.unicode.encoding" value="UnicodeLittle"/>
    <property name="java.class.version" value="61.0"/>
  </properties>
  <testcase name="Timeout" classname="com.luv2code.junitdemo.DemoUtilsTest" time="2.126">
    <system-out><![CDATA[I am going to sleep
Sleeping over
]]></system-out>
  </testcase>
  <testcase name="Throws and Does Not Throw" classname="com.luv2code.junitdemo.DemoUtilsTest" time="0.008"/>
  <testcase name="Null and Not Null" classname="com.luv2code.junitdemo.DemoUtilsTest" time="0.005"/>
  <testcase name="Lines Match" classname="com.luv2code.junitdemo.DemoUtilsTest" time="0.011"/>
  <testcase name="Same and Not Same" classname="com.luv2code.junitdemo.DemoUtilsTest" time="0.004"/>
  <testcase name="Array Equals" classname="com.luv2code.junitdemo.DemoUtilsTest" time="0.008"/>
  <testcase name="True and False" classname="com.luv2code.junitdemo.DemoUtilsTest" time="0.005"/>
  <testcase name="Equals and not Equals" classname="com.luv2code.junitdemo.DemoUtilsTest" time="0.009"/>
  <testcase name="Iterable Equals" classname="com.luv2code.junitdemo.DemoUtilsTest" time="0.004"/>
  <testcase name="Multiply" classname="com.luv2code.junitdemo.DemoUtilsTest" time="0.002"/>
</testsuite>